
> sysm_native@1.0.0 build /workspaces/codespaces-blank/sysm
> expo export --platform web

React Compiler enabled
Starting Metro Bundler
Static rendering is enabled. Learn more: https://docs.expo.dev/router/reference/static-rendering/
Web node_modules/expo-router/entry.js ░░░░░░░░░░░░░░░░  0.0% (0/1)
λ node_modules/expo-router/node/render.js ░░░░░░░░░░░░░░░░  0.0% (0/1)
Web node_modules/expo-router/entry.js ░░░░░░░░░░░░░░░░  0.0% (0/1)
λ node_modules/expo-router/node/render.js ░░░░░░░░░░░░░░░░  3.8% ( 8/41)
λ Bundled 16928ms node_modules/expo-router/node/render.js (2713 modules)
Web node_modules/expo-router/entry.js ▓▓▓▓▓▓▓▓▓▓▓▓▓▓▓░ 97.3% (2735/2772)
λ node_modules/expo-router/node/render.js ▓▓▓▓▓▓▓▓▓▓▓▓▓▓▓░ 96.2% (2661/2713)
Web Bundled 17707ms node_modules/expo-router/entry.js (2806 modules)

› web bundles (2):
_expo/static/css/web-d9cfe190d8c07214e8eaf59978cad056.css (1.09 MB)
_expo/static/js/web/entry-34a546e8b9a607c5a96044ee0087eee9.js (3.66 MB)

› Static routes (16):
/new (36.6 kB)
/modal (138 kB)
/ (index) (129 kB)
/explore (65.9 kB)
/profile (41.8 kB)
/_sitemap (18.4 kB)
/activity (41.2 kB)
/+not-found (18.4 kB)
/(tabs)/new (36.6 kB)
/thread/[id] (139 kB)
/(tabs) (129 kB)
/profile/[id] (131 kB)
/profile/edit (137 kB)
/(tabs)/explore (65.9 kB)
/(tabs)/profile (41.8 kB)
/(tabs)/activity (41.2 kB)

Exported: dist
