
> sysm_native@1.0.0 build /workspaces/codespaces-blank/sysm
> expo export --platform web

React Compiler enabled
Starting Metro Bundler
Static rendering is enabled. Learn more: https://docs.expo.dev/router/reference/static-rendering/
Web node_modules/expo-router/entry.js ░░░░░░░░░░░░░░░░  0.0% (0/1)
λ node_modules/expo-router/node/render.js ░░░░░░░░░░░░░░░░  0.0% (0/1)
Web node_modules/expo-router/entry.js ░░░░░░░░░░░░░░░░  0.0% (0/1)
λ node_modules/expo-router/node/render.js ░░░░░░░░░░░░░░░░  4.4% ( 9/43)
λ Bundled 15606ms node_modules/expo-router/node/render.js (2830 modules)
Web node_modules/expo-router/entry.js ▓▓▓▓▓▓▓▓▓▓▓▓▓▓░░ 93.2% (2285/2367)
λ node_modules/expo-router/node/render.js ▓▓▓▓▓▓▓▓▓▓▓▓▓▓▓░ 99.9% (2830/2830)
Web Bundled 16256ms node_modules/expo-router/entry.js (2804 modules)

› web bundles (2):
_expo/static/css/web-dd18961fb77d792693266a6c1d464276.css (1.09 MB)
_expo/static/js/web/entry-70e0cee53089c897c63688c300647c61.js (3.65 MB)

› Static routes (16):
/new (36.6 kB)
/modal (139 kB)
/ (index) (129 kB)
/explore (66.3 kB)
/profile (41.6 kB)
/_sitemap (18.4 kB)
/activity (41.1 kB)
/+not-found (18.4 kB)
/(tabs)/new (36.6 kB)
/thread/[id] (139 kB)
/(tabs) (129 kB)
/profile/[id] (131 kB)
/profile/edit (138 kB)
/(tabs)/explore (66.3 kB)
/(tabs)/profile (41.6 kB)
/(tabs)/activity (41.1 kB)

Exported: dist
