
> sysm_native@1.0.0 build /workspaces/codespaces-blank/sysm
> expo export --platform web

env: load .env
env: export EXPO_PUBLIC_SUPABASE_URL EXPO_PUBLIC_SUPABASE_KEY EXPO_PUBLIC_SUPABASE_ANON_KEY SUPABASE_SERVICE_KEY
React Compiler enabled
Starting Metro Bundler
Static rendering is enabled. Learn more: https://docs.expo.dev/router/reference/static-rendering/
Web node_modules/expo-router/entry.js ░░░░░░░░░░░░░░░░  0.0% (0/1)
λ node_modules/expo-router/node/render.js ░░░░░░░░░░░░░░░░  0.0% (0/1)
Web node_modules/expo-router/entry.js ▓░░░░░░░░░░░░░░░  9.0% (3/6)
λ node_modules/expo-router/node/render.js ░░░░░░░░░░░░░░░░  0.0% (0/1)
Web node_modules/expo-router/entry.js ▓▓▓▓▓▓▓▓▓▓░░░░░░ 64.4% ( 676/2447)
λ node_modules/expo-router/node/render.js ░░░░░░░░░░░░░░░░  0.0% (0/1)
Web node_modules/expo-router/entry.js ▓▓▓▓▓▓▓▓▓▓▓▓▓▓▓░ 94.6% (2876/2961)
λ node_modules/expo-router/node/render.js ▓▓▓▓▓▓░░░░░░░░░░ 39.3% (334/533)
Web node_modules/expo-router/entry.js ▓▓▓▓▓▓▓▓▓▓▓▓▓▓▓░ 94.6% (2876/2961)
λ node_modules/expo-router/node/render.js ▓▓▓▓▓▓▓▓▓░░░░░░░ 60.0% (475/616)
Web node_modules/expo-router/entry.js ▓▓▓▓▓▓▓▓▓▓▓▓▓▓▓░ 94.6% (2876/2961)
λ node_modules/expo-router/node/render.js ▓▓▓▓▓▓▓▓▓░░░░░░░ 60.0% ( 499/2227)
Web node_modules/expo-router/entry.js ▓▓▓▓▓▓▓▓▓▓▓▓▓▓▓░ 94.6% (2876/2961)
λ node_modules/expo-router/node/render.js ▓▓▓▓▓▓▓▓▓░░░░░░░ 60.0% ( 513/2234)
Web node_modules/expo-router/entry.js ▓▓▓▓▓▓▓▓▓▓▓▓▓▓▓░ 94.6% (2876/2961)
λ node_modules/expo-router/node/render.js ▓▓▓▓▓▓▓▓▓░░░░░░░ 60.0% ( 557/2279)
Web node_modules/expo-router/entry.js ▓▓▓▓▓▓▓▓▓▓▓▓▓▓▓░ 94.6% (2876/2961)
λ node_modules/expo-router/node/render.js ▓▓▓▓▓▓▓▓▓░░░░░░░ 60.0% ( 680/2279)
Web node_modules/expo-router/entry.js ▓▓▓▓▓▓▓▓▓▓▓▓▓▓▓░ 94.6% (2920/3017)
λ node_modules/expo-router/node/render.js ▓▓▓▓▓▓▓▓▓░░░░░░░ 60.0% ( 707/2309)
Web node_modules/expo-router/entry.js ▓▓▓▓▓▓▓▓▓▓▓▓▓▓▓░ 94.6% (2920/3017)
λ node_modules/expo-router/node/render.js ▓▓▓▓▓▓▓▓▓░░░░░░░ 60.0% ( 722/2332)
Web node_modules/expo-router/entry.js ▓▓▓▓▓▓▓▓▓▓▓▓▓▓▓░ 98.1% (3002/3031)
λ node_modules/expo-router/node/render.js ▓▓▓▓▓▓▓▓▓░░░░░░░ 60.0% ( 738/2362)
Web node_modules/expo-router/entry.js ▓▓▓▓▓▓▓▓▓▓▓▓▓▓▓░ 98.1% (3002/3031)
λ node_modules/expo-router/node/render.js ▓▓▓▓▓▓▓▓▓░░░░░░░ 60.0% ( 747/2370)
Web node_modules/expo-router/entry.js ▓▓▓▓▓▓▓▓▓▓▓▓▓▓▓░ 98.1% (3002/3031)
λ node_modules/expo-router/node/render.js ▓▓▓▓▓▓▓▓▓░░░░░░░ 60.0% ( 854/2436)
Web node_modules/expo-router/entry.js ▓▓▓▓▓▓▓▓▓▓▓▓▓▓▓░ 98.1% (3002/3031)
λ node_modules/expo-router/node/render.js ▓▓▓▓▓▓▓▓▓░░░░░░░ 60.0% ( 883/2490)
Web node_modules/expo-router/entry.js ▓▓▓▓▓▓▓▓▓▓▓▓▓▓▓░ 98.1% (3002/3031)
λ node_modules/expo-router/node/render.js ▓▓▓▓▓▓▓▓▓░░░░░░░ 60.0% ( 903/2504)
Web node_modules/expo-router/entry.js ▓▓▓▓▓▓▓▓▓▓▓▓▓▓▓░ 98.1% (3002/3031)
λ node_modules/expo-router/node/render.js ▓▓▓▓▓▓▓▓▓░░░░░░░ 60.0% ( 938/2599)
Web node_modules/expo-router/entry.js ▓▓▓▓▓▓▓▓▓▓▓▓▓▓▓░ 98.1% (3020/3051)
λ node_modules/expo-router/node/render.js ▓▓▓▓▓▓▓▓▓▓▓▓▓░░░ 84.5% (2443/2708)
Web node_modules/expo-router/entry.js ▓▓▓▓▓▓▓▓▓▓▓▓▓▓▓░ 98.4% (3032/3058)
λ node_modules/expo-router/node/render.js ▓▓▓▓▓▓▓▓▓▓▓▓▓░░░ 84.5% (2484/2723)
Web node_modules/expo-router/entry.js ▓▓▓▓▓▓▓▓▓▓▓▓▓▓▓░ 98.4% (3032/3058)
λ node_modules/expo-router/node/render.js ▓▓▓▓▓▓▓▓▓▓▓▓▓░░░ 85.7% (2530/2744)
Web node_modules/expo-router/entry.js ▓▓▓▓▓▓▓▓▓▓▓▓▓▓▓░ 98.4% (3032/3058)
λ node_modules/expo-router/node/render.js ▓▓▓▓▓▓▓▓▓▓▓▓▓░░░ 86.4% (2587/2783)
Web node_modules/expo-router/entry.js ▓▓▓▓▓▓▓▓▓▓▓▓▓▓▓░ 98.4% (3032/3058)
λ node_modules/expo-router/node/render.js ▓▓▓▓▓▓▓▓▓▓▓▓▓▓░░ 89.6% (2678/2833)
Web node_modules/expo-router/entry.js ▓▓▓▓▓▓▓▓▓▓▓▓▓▓▓░ 98.4% (3032/3058)
λ node_modules/expo-router/node/render.js ▓▓▓▓▓▓▓▓▓▓▓▓▓▓░░ 89.6% (2719/2884)
Web node_modules/expo-router/entry.js ▓▓▓▓▓▓▓▓▓▓▓▓▓▓▓░ 98.4% (3032/3058)
λ node_modules/expo-router/node/render.js ▓▓▓▓▓▓▓▓▓▓▓▓▓▓░░ 89.6% (2799/2980)
Web node_modules/expo-router/entry.js ▓▓▓▓▓▓▓▓▓▓▓▓▓▓▓░ 98.4% (3052/3083)
λ node_modules/expo-router/node/render.js ▓▓▓▓▓▓▓▓▓▓▓▓▓▓░░ 90.4% (2845/2992)
Web node_modules/expo-router/entry.js ▓▓▓▓▓▓▓▓▓▓▓▓▓▓▓░ 98.4% (3052/3083)
λ node_modules/expo-router/node/render.js ▓▓▓▓▓▓▓▓▓▓▓▓▓▓░░ 91.5% (2899/3031)
Web node_modules/expo-router/entry.js ▓▓▓▓▓▓▓▓▓▓▓▓▓▓▓░ 98.4% (3052/3083)
λ node_modules/expo-router/node/render.js ▓▓▓▓▓▓▓▓▓▓▓▓▓▓▓░ 99.0% (3257/3281)
λ Bundled 130708ms node_modules/expo-router/node/render.js (3330 modules)
Web Bundled 131085ms node_modules/expo-router/entry.js (3106 modules)

› web bundles (2):
_expo/static/css/web-39c5ed0a7502cbe798d9842cde1b5552.css (1.15 MB)
_expo/static/js/web/entry-6754832d53a80aae07608d376e2a1f1c.js (4.35 MB)

› Static routes (43):
/bio (15.2 kB)
/new (15.2 kB)
/modal (15.2 kB)
/login (15.2 kB)
/inbox (15.2 kB)
/ (index) (15.2 kB)
/reels (15.2 kB)
/signup (15.2 kB)
/avatar (15.2 kB)
/explore (15.2 kB)
/profile (15.2 kB)
/new-chat (15.2 kB)
/_sitemap (14 kB)
/username (15.2 kB)
/activity (15.2 kB)
/interests (15.2 kB)
/+not-found (14 kB)
/magic-link (15.2 kB)
/(tabs)/new (15.2 kB)
/thread/[id] (15.2 kB)
/(auth)/login (15.2 kB)
/(tabs)/inbox (15.2 kB)
/(tabs) (15.2 kB)
/(tabs)/reels (15.2 kB)
/profile/[id] (15.2 kB)
/profile/edit (15.2 kB)
/(auth)/signup (15.2 kB)
/reset-password (15.2 kB)
/(tabs)/explore (15.2 kB)
/(tabs)/profile (15.2 kB)
/forgot-password (15.2 kB)
/(tabs)/activity (15.2 kB)
/group-info/[id] (15.2 kB)
/(onboarding)/bio (15.2 kB)
/(auth)/magic-link (15.2 kB)
/conversation/[id] (15.2 kB)
/follow-suggestions (15.2 kB)
/(onboarding)/avatar (15.2 kB)
/(auth)/reset-password (15.2 kB)
/(onboarding)/username (15.2 kB)
/(auth)/forgot-password (15.2 kB)
/(onboarding)/interests (15.2 kB)
/(onboarding)/follow-suggestions (15.2 kB)

Exported: dist
